Flow report for ImportModulesExample
Tue Sep 15 07:36:01 2015
Quartus II 64-Bit Version 15.0.0 Build 145 04/22/2015 SJ Web Edition


---------------------
; Table of Contents ;
---------------------
  1. Legal Notice
  2. Flow Summary
  3. Flow Settings
  4. Flow Non-Default Global Settings
  5. Flow Elapsed Time
  6. Flow OS Summary
  7. Flow Log
  8. Flow Messages
  9. Flow Suppressed Messages



----------------
; Legal Notice ;
----------------
Copyright (C) 1991-2015 Altera Corporation. All rights reserved.
Your use of Altera Corporation's design tools, logic functions 
and other software and tools, and its AMPP partner logic 
functions, and any output files from any of the foregoing 
(including device programming or simulation files), and any 
associated documentation or information are expressly subject 
to the terms and conditions of the Altera Program License 
Subscription Agreement, the Altera Quartus II License Agreement,
the Altera MegaCore Function License Agreement, or other 
applicable license agreement, including, without limitation, 
that your use is for the sole purpose of programming logic 
devices manufactured by Altera and sold by Altera or its 
authorized distributors.  Please refer to the applicable 
agreement for further details.



+------------------------------------------------------------------------------+
; Flow Summary                                                                 ;
+---------------------------------+--------------------------------------------+
; Flow Status                     ; Successful - Tue Sep 15 07:36:01 2015      ;
; Quartus II 64-Bit Version       ; 15.0.0 Build 145 04/22/2015 SJ Web Edition ;
; Revision Name                   ; ImportModulesExample                       ;
; Top-level Entity Name           ; parent                                     ;
; Family                          ; Cyclone V                                  ;
; Device                          ; 5CSEMA4U23C6                               ;
; Timing Models                   ; Final                                      ;
; Logic utilization (in ALMs)     ; 1 / 15,880 ( < 1 % )                       ;
; Total registers                 ; 0                                          ;
; Total pins                      ; 8 / 314 ( 3 % )                            ;
; Total virtual pins              ; 0                                          ;
; Total block memory bits         ; 0 / 2,764,800 ( 0 % )                      ;
; Total DSP Blocks                ; 0 / 84 ( 0 % )                             ;
; Total HSSI RX PCSs              ; 0                                          ;
; Total HSSI PMA RX Deserializers ; 0                                          ;
; Total HSSI TX PCSs              ; 0                                          ;
; Total HSSI PMA TX Serializers   ; 0                                          ;
; Total PLLs                      ; 0 / 5 ( 0 % )                              ;
; Total DLLs                      ; 0 / 4 ( 0 % )                              ;
+---------------------------------+--------------------------------------------+


+------------------------------------------+
; Flow Settings                            ;
+-------------------+----------------------+
; Option            ; Setting              ;
+-------------------+----------------------+
; Start date & time ; 09/15/2015 07:34:51  ;
; Main task         ; Compilation          ;
; Revision Name     ; ImportModulesExample ;
+-------------------+----------------------+


+-----------------------------------------------------------------------------------------------------------------------------+
; Flow Non-Default Global Settings                                                                                            ;
+-------------------------------------+---------------------------------+----------------------+-------------+----------------+
; Assignment Name                     ; Value                           ; Default Value        ; Entity Name ; Section Id     ;
+-------------------------------------+---------------------------------+----------------------+-------------+----------------+
; COMPILER_SIGNATURE_ID               ; 220964047893008.144231689108832 ; --                   ; --          ; --             ;
; EDA_OUTPUT_DATA_FORMAT              ; Verilog Hdl                     ; --                   ; --          ; eda_simulation ;
; EDA_SIMULATION_TOOL                 ; ModelSim-Altera (Verilog)       ; <None>               ; --          ; --             ;
; MAX_CORE_JUNCTION_TEMP              ; 85                              ; --                   ; --          ; --             ;
; MIN_CORE_JUNCTION_TEMP              ; 0                               ; --                   ; --          ; --             ;
; PARTITION_COLOR                     ; 16764057                        ; --                   ; parent      ; Top            ;
; PARTITION_FITTER_PRESERVATION_LEVEL ; PLACEMENT_AND_ROUTING           ; --                   ; parent      ; Top            ;
; PARTITION_NETLIST_TYPE              ; SOURCE                          ; --                   ; parent      ; Top            ;
; PROJECT_OUTPUT_DIRECTORY            ; output_files                    ; --                   ; --          ; --             ;
; TOP_LEVEL_ENTITY                    ; parent                          ; ImportModulesExample ; --          ; --             ;
+-------------------------------------+---------------------------------+----------------------+-------------+----------------+


+-------------------------------------------------------------------------------------------------------------------------------+
; Flow Elapsed Time                                                                                                             ;
+---------------------------+--------------+-------------------------+---------------------+------------------------------------+
; Module Name               ; Elapsed Time ; Average Processors Used ; Peak Virtual Memory ; Total CPU Time (on all processors) ;
+---------------------------+--------------+-------------------------+---------------------+------------------------------------+
; Analysis & Synthesis      ; 00:00:16     ; 1.0                     ; 722 MB              ; 00:00:37                           ;
; Fitter                    ; 00:00:28     ; 1.3                     ; 1827 MB             ; 00:00:33                           ;
; Assembler                 ; 00:00:08     ; 1.0                     ; 760 MB              ; 00:00:07                           ;
; TimeQuest Timing Analyzer ; 00:00:06     ; 1.0                     ; 980 MB              ; 00:00:05                           ;
; EDA Netlist Writer        ; 00:00:02     ; 1.0                     ; 665 MB              ; 00:00:01                           ;
; Total                     ; 00:01:00     ; --                      ; --                  ; 00:01:23                           ;
+---------------------------+--------------+-------------------------+---------------------+------------------------------------+


+----------------------------------------------------------------------------------------+
; Flow OS Summary                                                                        ;
+---------------------------+------------------+-----------+------------+----------------+
; Module Name               ; Machine Hostname ; OS Name   ; OS Version ; Processor type ;
+---------------------------+------------------+-----------+------------+----------------+
; Analysis & Synthesis      ; DESKTOP-NL3TD2B  ; Windows 7 ; 6.2        ; x86_64         ;
; Fitter                    ; DESKTOP-NL3TD2B  ; Windows 7 ; 6.2        ; x86_64         ;
; Assembler                 ; DESKTOP-NL3TD2B  ; Windows 7 ; 6.2        ; x86_64         ;
; TimeQuest Timing Analyzer ; DESKTOP-NL3TD2B  ; Windows 7 ; 6.2        ; x86_64         ;
; EDA Netlist Writer        ; DESKTOP-NL3TD2B  ; Windows 7 ; 6.2        ; x86_64         ;
+---------------------------+------------------+-----------+------------+----------------+


------------
; Flow Log ;
------------
quartus_map --read_settings_files=on --write_settings_files=off ImportModulesExample -c ImportModulesExample
quartus_fit --read_settings_files=off --write_settings_files=off ImportModulesExample -c ImportModulesExample
quartus_asm --read_settings_files=off --write_settings_files=off ImportModulesExample -c ImportModulesExample
quartus_sta ImportModulesExample -c ImportModulesExample
quartus_eda --read_settings_files=off --write_settings_files=off ImportModulesExample -c ImportModulesExample



